app/mapping.txt
com.example.mytinkertest.MainActivity -> com.example.mytinkertest.MainActivity:
    void <init>() -> <init>
    void onCreate(android.os.Bundle) -> onCreate
    void loadPatch(android.view.View) -> loadPatch
com.example.mytinkertest.SimpleTinkerInApplication -> com.example.mytinkertest.SimpleTinkerInApplication:
    void <init>() -> <init>
com.example.mytinkertest.SimpleTinkerInApplicationLike -> com.example.mytinkertest.SimpleTinkerInApplicationLike:
    void <init>(android.app.Application,int,boolean,long,long,android.content.Intent) -> <init>
    void onBaseContextAttached(android.content.Context) -> onBaseContextAttached
    void onCreate() -> onCreate
...
android.support.v7.app.AppCompatDelegateImplV9$5$1 -> android.support.v7.app.k$5$1:
    android.support.v7.app.AppCompatDelegateImplV9$5 this$1 -> a
    void <init>(android.support.v7.app.AppCompatDelegateImplV9$5) -> <init>
    void onAnimationStart(android.view.View) -> a
    void onAnimationEnd(android.view.View) -> b
android.support.v7.app.AppCompatDelegateImplV9$6 -> android.support.v7.app.k$6:
    android.support.v7.app.AppCompatDelegateImplV9 this$0 -> a
    void <init>(android.support.v7.app.AppCompatDelegateImplV9) -> <init>
    void onAnimationStart(android.view.View) -> a
    void onAnimationEnd(android.view.View) -> b
android.support.v7.app.AppCompatDelegateImplV9$ActionMenuPresenterCallback -> android.support.v7.app.k$a:
    android.support.v7.app.AppCompatDelegateImplV9 this$0 -> a
    void <init>(android.support.v7.app.AppCompatDelegateImplV9) -> <init>
    boolean onOpenSubMenu(android.support.v7.view.menu.MenuBuilder) -> a
    void onCloseMenu(android.support.v7.view.menu.MenuBuilder,boolean) -> a
android.support.v7.app.AppCompatDelegateImplV9$ActionModeCallbackWrapperV9 -> android.support.v7.app.k$b:
    android.support.v7.view.ActionMode$Callback mWrapped -> b
    android.support.v7.app.AppCompatDelegateImplV9 this$0 -> a
    void <init>(android.support.v7.app.AppCompatDelegateImplV9,android.support.v7.view.ActionMode$Callback) -> <init>
    boolean onCreateActionMode(android.support.v7.view.ActionMode,android.view.Menu) -> a
    boolean onPrepareActionMode(android.support.v7.view.ActionMode,android.view.Menu) -> b
    boolean onActionItemClicked(android.support.v7.view.ActionMode,android.view.MenuItem) -> a
    void onDestroyActionMode(android.support.v7.view.ActionMode) -> a
android.support.v7.app.AppCompatDelegateImplV9$ActionModeCallbackWrapperV9$1 -> android.support.v7.app.k$b$1:
    android.support.v7.app.AppCompatDelegateImplV9$ActionModeCallbackWrapperV9 this$1 -> a
    void <init>(android.support.v7.app.AppCompatDelegateImplV9$ActionModeCallbackWrapperV9) -> <init>
    void onAnimationEnd(android.view.View) -> b
android.support.v7.app.AppCompatDelegateImplV9$ListMenuDecorView -> android.support.v7.app.k$c:
    android.support.v7.app.AppCompatDelegateImplV9 this$0 -> a
    void <init>(android.support.v7.app.AppCompatDelegateImplV9,android.content.Context) -> <init>
    boolean dispatchKeyEvent(android.view.KeyEvent) -> dispatchKeyEvent
    boolean onInterceptTouchEvent(android.view.MotionEvent) -> onInterceptTouchEvent
    void setBackgroundResource(int) -> setBackgroundResource
    boolean isOutOfBounds(int,int) -> a
android.support.v7.app.AppCompatDelegateImplV9$PanelFeatureState -> android.support.v7.app.k$d:
    int featureId -> a
    int background -> b
    int gravity -> c
    int x -> d
    int y -> e
    int windowAnimations -> f
    android.view.ViewGroup decorView -> g
    android.view.View shownPanelView -> h
    android.view.View createdPanelView -> i
    android.support.v7.view.menu.MenuBuilder menu -> j
    android.support.v7.view.menu.ListMenuPresenter listMenuPresenter -> k
    android.content.Context listPresenterContext -> l
    boolean isPrepared -> m
    boolean isHandled -> n
    boolean isOpen -> o
    boolean qwertyMode -> p
    boolean refreshDecorView -> q
    boolean refreshMenuContent -> r
    android.os.Bundle frozenActionViewState -> s
    void <init>(int) -> <init>
    boolean hasPanelItems() -> a
    void setStyle(android.content.Context) -> a
    void setMenu(android.support.v7.view.menu.MenuBuilder) -> a
    android.support.v7.view.menu.MenuView getListMenuView(android.support.v7.view.menu.MenuPresenter$Callback) -> a